ERROR - 2023-08-23 20:58:24 --> Table 'dbjalan.log' doesn't exist
CRITICAL - 2023-08-23 21:10:59 --> Invalid file: edit_penguana.php
#0 C:\xampp\htdocs\jalan\system\View\View.php(198): CodeIgniter\Exceptions\FrameworkException::forInvalidFile('edit_penguana.p...')
#1 C:\xampp\htdocs\jalan\system\Common.php(1089): CodeIgniter\View\View->render('edit_penguana', Array, true)
#2 C:\xampp\htdocs\jalan\app\Controllers\Home.php(232): view('edit_penguana', Array)
#3 C:\xampp\htdocs\jalan\system\CodeIgniter.php(832): App\Controllers\Home->edit_penguna('4')
#4 C:\xampp\htdocs\jalan\system\CodeIgniter.php(419): CodeIgniter\CodeIgniter->runController(Object(App\Controllers\Home))
#5 C:\xampp\htdocs\jalan\system\CodeIgniter.php(326): CodeIgniter\CodeIgniter->handleRequest(NULL, Object(Config\Cache), false)
#6 C:\xampp\htdocs\jalan\public\index.php(37): CodeIgniter\CodeIgniter->run()
#7 C:\xampp\htdocs\jalan\system\Commands\Server\rewrite.php(43): require_once('C:\\xampp\\htdocs...')
#8 {main}
CRITICAL - 2023-08-23 21:10:59 --> Invalid file: edit_penguana.php
#0 C:\xampp\htdocs\jalan\system\View\View.php(198): CodeIgniter\Exceptions\FrameworkException::forInvalidFile('edit_penguana.p...')
#1 C:\xampp\htdocs\jalan\system\Common.php(1089): CodeIgniter\View\View->render('edit_penguana', Array, true)
#2 C:\xampp\htdocs\jalan\app\Controllers\Home.php(232): view('edit_penguana', Array)
#3 C:\xampp\htdocs\jalan\system\CodeIgniter.php(832): App\Controllers\Home->edit_penguna('img', 'man.png')
#4 C:\xampp\htdocs\jalan\system\CodeIgniter.php(419): CodeIgniter\CodeIgniter->runController(Object(App\Controllers\Home))
#5 C:\xampp\htdocs\jalan\system\CodeIgniter.php(326): CodeIgniter\CodeIgniter->handleRequest(NULL, Object(Config\Cache), false)
#6 C:\xampp\htdocs\jalan\public\index.php(37): CodeIgniter\CodeIgniter->run()
#7 C:\xampp\htdocs\jalan\system\Commands\Server\rewrite.php(43): require_once('C:\\xampp\\htdocs...')
#8 {main}
CRITICAL - 2023-08-23 21:11:00 --> Invalid file: edit_penguana.php
#0 C:\xampp\htdocs\jalan\system\View\View.php(198): CodeIgniter\Exceptions\FrameworkException::forInvalidFile('edit_penguana.p...')
#1 C:\xampp\htdocs\jalan\system\Common.php(1089): CodeIgniter\View\View->render('edit_penguana', Array, true)
#2 C:\xampp\htdocs\jalan\app\Controllers\Home.php(232): view('edit_penguana', Array)
#3 C:\xampp\htdocs\jalan\system\CodeIgniter.php(832): App\Controllers\Home->edit_penguna('img', 'girl.png')
#4 C:\xampp\htdocs\jalan\system\CodeIgniter.php(419): CodeIgniter\CodeIgniter->runController(Object(App\Controllers\Home))
#5 C:\xampp\htdocs\jalan\system\CodeIgniter.php(326): CodeIgniter\CodeIgniter->handleRequest(NULL, Object(Config\Cache), false)
#6 C:\xampp\htdocs\jalan\public\index.php(37): CodeIgniter\CodeIgniter->run()
#7 C:\xampp\htdocs\jalan\system\Commands\Server\rewrite.php(43): require_once('C:\\xampp\\htdocs...')
#8 {main}
ERROR - 2023-08-23 21:12:16 --> Table 'dbjalan.log' doesn't exist
ERROR - 2023-08-23 21:12:16 --> Unknown column 'id_user' in 'field list'
ERROR - 2023-08-23 21:16:26 --> Table 'dbjalan.log' doesn't exist
ERROR - 2023-08-23 21:16:26 --> Unknown column 'id_user' in 'field list'
ERROR - 2023-08-23 21:21:42 --> Table 'dbjalan.log' doesn't exist
ERROR - 2023-08-23 21:21:42 --> Unknown column 'id_user' in 'field list'
ERROR - 2023-08-23 21:31:17 --> Table 'dbjalan.log' doesn't exist
ERROR - 2023-08-23 21:31:17 --> Unknown column 'id_user' in 'field list'
ERROR - 2023-08-23 21:53:29 --> Table 'dbjalan.log' doesn't exist
ERROR - 2023-08-23 21:53:29 --> Unknown column 'id_user' in 'field list'
