ERROR - 2023-08-28 03:17:32 --> Error connecting to the database: No connection could be made because the target machine actively refused it.

CRITICAL - 2023-08-28 03:17:32 --> Unable to connect to the database.
Main connection [MySQLi]: No connection could be made because the target machine actively refused it.

#0 C:\xampp\htdocs\jalan\system\Database\BaseConnection.php(577): CodeIgniter\Database\BaseConnection->initialize()
#1 C:\xampp\htdocs\jalan\system\Database\BaseBuilder.php(1588): CodeIgniter\Database\BaseConnection->query('SELECT *\nFROM `...', Array, false)
#2 C:\xampp\htdocs\jalan\app\Models\M_model.php(34): CodeIgniter\Database\BaseBuilder->getWhere(Array)
#3 C:\xampp\htdocs\jalan\app\Controllers\Home.php(45): App\Models\M_model->getWhere2('user', Array)
#4 C:\xampp\htdocs\jalan\system\CodeIgniter.php(832): App\Controllers\Home->aksi_login()
#5 C:\xampp\htdocs\jalan\system\CodeIgniter.php(419): CodeIgniter\CodeIgniter->runController(Object(App\Controllers\Home))
#6 C:\xampp\htdocs\jalan\system\CodeIgniter.php(326): CodeIgniter\CodeIgniter->handleRequest(NULL, Object(Config\Cache), false)
#7 C:\xampp\htdocs\jalan\public\index.php(37): CodeIgniter\CodeIgniter->run()
#8 C:\xampp\htdocs\jalan\system\Commands\Server\rewrite.php(43): require_once('C:\\xampp\\htdocs...')
#9 {main}
ERROR - 2023-08-28 03:17:48 --> Error connecting to the database: MySQL server has gone away
CRITICAL - 2023-08-28 03:17:48 --> Unable to connect to the database.
Main connection [MySQLi]: MySQL server has gone away
#0 C:\xampp\htdocs\jalan\system\Database\BaseConnection.php(577): CodeIgniter\Database\BaseConnection->initialize()
#1 C:\xampp\htdocs\jalan\system\Database\BaseBuilder.php(1588): CodeIgniter\Database\BaseConnection->query('SELECT *\nFROM `...', Array, false)
#2 C:\xampp\htdocs\jalan\app\Models\M_model.php(34): CodeIgniter\Database\BaseBuilder->getWhere(Array)
#3 C:\xampp\htdocs\jalan\app\Controllers\Home.php(45): App\Models\M_model->getWhere2('user', Array)
#4 C:\xampp\htdocs\jalan\system\CodeIgniter.php(832): App\Controllers\Home->aksi_login()
#5 C:\xampp\htdocs\jalan\system\CodeIgniter.php(419): CodeIgniter\CodeIgniter->runController(Object(App\Controllers\Home))
#6 C:\xampp\htdocs\jalan\system\CodeIgniter.php(326): CodeIgniter\CodeIgniter->handleRequest(NULL, Object(Config\Cache), false)
#7 C:\xampp\htdocs\jalan\public\index.php(37): CodeIgniter\CodeIgniter->run()
#8 C:\xampp\htdocs\jalan\system\Commands\Server\rewrite.php(43): require_once('C:\\xampp\\htdocs...')
#9 {main}
ERROR - 2023-08-28 03:17:57 --> Error connecting to the database: No connection could be made because the target machine actively refused it.

CRITICAL - 2023-08-28 03:17:57 --> Unable to connect to the database.
Main connection [MySQLi]: No connection could be made because the target machine actively refused it.

#0 C:\xampp\htdocs\jalan\system\Database\BaseConnection.php(577): CodeIgniter\Database\BaseConnection->initialize()
#1 C:\xampp\htdocs\jalan\system\Database\BaseBuilder.php(1588): CodeIgniter\Database\BaseConnection->query('SELECT *\nFROM `...', Array, false)
#2 C:\xampp\htdocs\jalan\app\Models\M_model.php(34): CodeIgniter\Database\BaseBuilder->getWhere(Array)
#3 C:\xampp\htdocs\jalan\app\Controllers\Home.php(45): App\Models\M_model->getWhere2('user', Array)
#4 C:\xampp\htdocs\jalan\system\CodeIgniter.php(832): App\Controllers\Home->aksi_login()
#5 C:\xampp\htdocs\jalan\system\CodeIgniter.php(419): CodeIgniter\CodeIgniter->runController(Object(App\Controllers\Home))
#6 C:\xampp\htdocs\jalan\system\CodeIgniter.php(326): CodeIgniter\CodeIgniter->handleRequest(NULL, Object(Config\Cache), false)
#7 C:\xampp\htdocs\jalan\public\index.php(37): CodeIgniter\CodeIgniter->run()
#8 C:\xampp\htdocs\jalan\system\Commands\Server\rewrite.php(43): require_once('C:\\xampp\\htdocs...')
#9 {main}
CRITICAL - 2023-08-28 20:16:24 --> You must set the database table to be used with your query.
#0 C:\xampp\htdocs\jalan\system\Model.php(545): CodeIgniter\Database\BaseConnection->table(NULL)
#1 C:\xampp\htdocs\jalan\system\Model.php(722): CodeIgniter\Model->builder()
#2 C:\xampp\htdocs\jalan\app\Controllers\Home.php(474): CodeIgniter\Model->__call('filter_ff', Array)
#3 C:\xampp\htdocs\jalan\system\CodeIgniter.php(832): App\Controllers\Home->cari_p()
#4 C:\xampp\htdocs\jalan\system\CodeIgniter.php(419): CodeIgniter\CodeIgniter->runController(Object(App\Controllers\Home))
#5 C:\xampp\htdocs\jalan\system\CodeIgniter.php(326): CodeIgniter\CodeIgniter->handleRequest(NULL, Object(Config\Cache), false)
#6 C:\xampp\htdocs\jalan\public\index.php(37): CodeIgniter\CodeIgniter->run()
#7 C:\xampp\htdocs\jalan\system\Commands\Server\rewrite.php(43): require_once('C:\\xampp\\htdocs...')
#8 {main}
CRITICAL - 2023-08-28 20:21:09 --> You must set the database table to be used with your query.
#0 C:\xampp\htdocs\jalan\system\Model.php(545): CodeIgniter\Database\BaseConnection->table(NULL)
#1 C:\xampp\htdocs\jalan\system\Model.php(722): CodeIgniter\Model->builder()
#2 C:\xampp\htdocs\jalan\app\Controllers\Home.php(474): CodeIgniter\Model->__call('filter_ff', Array)
#3 C:\xampp\htdocs\jalan\system\CodeIgniter.php(832): App\Controllers\Home->cari_p()
#4 C:\xampp\htdocs\jalan\system\CodeIgniter.php(419): CodeIgniter\CodeIgniter->runController(Object(App\Controllers\Home))
#5 C:\xampp\htdocs\jalan\system\CodeIgniter.php(326): CodeIgniter\CodeIgniter->handleRequest(NULL, Object(Config\Cache), false)
#6 C:\xampp\htdocs\jalan\public\index.php(37): CodeIgniter\CodeIgniter->run()
#7 C:\xampp\htdocs\jalan\system\Commands\Server\rewrite.php(43): require_once('C:\\xampp\\htdocs...')
#8 {main}
CRITICAL - 2023-08-28 20:26:02 --> Cannot redeclare App\Models\M_model::filter2()
#0 [internal function]: CodeIgniter\Debug\Exceptions->shutdownHandler()
#1 {main}
CRITICAL - 2023-08-28 20:26:59 --> Cannot redeclare App\Models\M_model::filter2()
#0 [internal function]: CodeIgniter\Debug\Exceptions->shutdownHandler()
#1 {main}
CRITICAL - 2023-08-28 20:28:07 --> You must set the database table to be used with your query.
#0 C:\xampp\htdocs\jalan\system\Model.php(545): CodeIgniter\Database\BaseConnection->table(NULL)
#1 C:\xampp\htdocs\jalan\system\Model.php(722): CodeIgniter\Model->builder()
#2 C:\xampp\htdocs\jalan\app\Controllers\Home.php(474): CodeIgniter\Model->__call('filter_ff', Array)
#3 C:\xampp\htdocs\jalan\system\CodeIgniter.php(832): App\Controllers\Home->cari_p()
#4 C:\xampp\htdocs\jalan\system\CodeIgniter.php(419): CodeIgniter\CodeIgniter->runController(Object(App\Controllers\Home))
#5 C:\xampp\htdocs\jalan\system\CodeIgniter.php(326): CodeIgniter\CodeIgniter->handleRequest(NULL, Object(Config\Cache), false)
#6 C:\xampp\htdocs\jalan\public\index.php(37): CodeIgniter\CodeIgniter->run()
#7 C:\xampp\htdocs\jalan\system\Commands\Server\rewrite.php(43): require_once('C:\\xampp\\htdocs...')
#8 {main}
CRITICAL - 2023-08-28 20:39:33 --> Cannot redeclare App\Models\M_model::filter2()
#0 [internal function]: CodeIgniter\Debug\Exceptions->shutdownHandler()
#1 {main}
