CRITICAL - 2023-08-29 21:16:38 --> Class 'App\Controllers\Spreadsheet' not found
#0 C:\xampp\htdocs\jalan\system\CodeIgniter.php(832): App\Controllers\Home->excel_barang()
#1 C:\xampp\htdocs\jalan\system\CodeIgniter.php(419): CodeIgniter\CodeIgniter->runController(Object(App\Controllers\Home))
#2 C:\xampp\htdocs\jalan\system\CodeIgniter.php(326): CodeIgniter\CodeIgniter->handleRequest(NULL, Object(Config\Cache), false)
#3 C:\xampp\htdocs\jalan\public\index.php(37): CodeIgniter\CodeIgniter->run()
#4 C:\xampp\htdocs\jalan\system\Commands\Server\rewrite.php(43): require_once('C:\\xampp\\htdocs...')
#5 {main}
CRITICAL - 2023-08-29 21:23:04 --> Class 'App\Controllers\Spreadsheet' not found
#0 C:\xampp\htdocs\jalan\system\CodeIgniter.php(832): App\Controllers\Home->excel_barang()
#1 C:\xampp\htdocs\jalan\system\CodeIgniter.php(419): CodeIgniter\CodeIgniter->runController(Object(App\Controllers\Home))
#2 C:\xampp\htdocs\jalan\system\CodeIgniter.php(326): CodeIgniter\CodeIgniter->handleRequest(NULL, Object(Config\Cache), false)
#3 C:\xampp\htdocs\jalan\public\index.php(37): CodeIgniter\CodeIgniter->run()
#4 C:\xampp\htdocs\jalan\system\Commands\Server\rewrite.php(43): require_once('C:\\xampp\\htdocs...')
#5 {main}
CRITICAL - 2023-08-29 22:04:54 --> syntax error, unexpected '$model' (T_VARIABLE), expecting ')'
#0 C:\xampp\htdocs\jalan\system\Router\Router.php(175): CodeIgniter\Router\Router->autoRoute('Home/perjalanan')
#1 C:\xampp\htdocs\jalan\system\CodeIgniter.php(726): CodeIgniter\Router\Router->handle('Home/perjalanan')
#2 C:\xampp\htdocs\jalan\system\CodeIgniter.php(368): CodeIgniter\CodeIgniter->tryToRouteIt(Object(CodeIgniter\Router\RouteCollection))
#3 C:\xampp\htdocs\jalan\system\CodeIgniter.php(326): CodeIgniter\CodeIgniter->handleRequest(NULL, Object(Config\Cache), false)
#4 C:\xampp\htdocs\jalan\public\index.php(37): CodeIgniter\CodeIgniter->run()
#5 C:\xampp\htdocs\jalan\system\Commands\Server\rewrite.php(43): require_once('C:\\xampp\\htdocs...')
#6 {main}
CRITICAL - 2023-08-29 22:05:51 --> syntax error, unexpected ';', expecting ')'
#0 C:\xampp\htdocs\jalan\system\Router\Router.php(175): CodeIgniter\Router\Router->autoRoute('home/perjalanan')
#1 C:\xampp\htdocs\jalan\system\CodeIgniter.php(726): CodeIgniter\Router\Router->handle('home/perjalanan')
#2 C:\xampp\htdocs\jalan\system\CodeIgniter.php(368): CodeIgniter\CodeIgniter->tryToRouteIt(Object(CodeIgniter\Router\RouteCollection))
#3 C:\xampp\htdocs\jalan\system\CodeIgniter.php(326): CodeIgniter\CodeIgniter->handleRequest(NULL, Object(Config\Cache), false)
#4 C:\xampp\htdocs\jalan\public\index.php(37): CodeIgniter\CodeIgniter->run()
#5 C:\xampp\htdocs\jalan\system\Commands\Server\rewrite.php(43): require_once('C:\\xampp\\htdocs...')
#6 {main}
CRITICAL - 2023-08-29 22:05:54 --> syntax error, unexpected ';', expecting ')'
#0 C:\xampp\htdocs\jalan\system\Router\Router.php(175): CodeIgniter\Router\Router->autoRoute('Home/log')
#1 C:\xampp\htdocs\jalan\system\CodeIgniter.php(726): CodeIgniter\Router\Router->handle('Home/log')
#2 C:\xampp\htdocs\jalan\system\CodeIgniter.php(368): CodeIgniter\CodeIgniter->tryToRouteIt(Object(CodeIgniter\Router\RouteCollection))
#3 C:\xampp\htdocs\jalan\system\CodeIgniter.php(326): CodeIgniter\CodeIgniter->handleRequest(NULL, Object(Config\Cache), false)
#4 C:\xampp\htdocs\jalan\public\index.php(37): CodeIgniter\CodeIgniter->run()
#5 C:\xampp\htdocs\jalan\system\Commands\Server\rewrite.php(43): require_once('C:\\xampp\\htdocs...')
#6 {main}
ERROR - 2023-08-29 22:28:23 --> Unknown column 'id_user' in 'field list'
ERROR - 2023-08-29 22:29:13 --> Unknown column 'id_user' in 'field list'
CRITICAL - 2023-08-29 22:29:58 --> syntax error, unexpected '$data2' (T_VARIABLE), expecting ')'
#0 C:\xampp\htdocs\jalan\system\Router\Router.php(175): CodeIgniter\Router\Router->autoRoute('Home/penguna')
#1 C:\xampp\htdocs\jalan\system\CodeIgniter.php(726): CodeIgniter\Router\Router->handle('Home/penguna')
#2 C:\xampp\htdocs\jalan\system\CodeIgniter.php(368): CodeIgniter\CodeIgniter->tryToRouteIt(Object(CodeIgniter\Router\RouteCollection))
#3 C:\xampp\htdocs\jalan\system\CodeIgniter.php(326): CodeIgniter\CodeIgniter->handleRequest(NULL, Object(Config\Cache), false)
#4 C:\xampp\htdocs\jalan\public\index.php(37): CodeIgniter\CodeIgniter->run()
#5 C:\xampp\htdocs\jalan\system\Commands\Server\rewrite.php(43): require_once('C:\\xampp\\htdocs...')
#6 {main}
